<?xml version="1.0" encoding="UTF-8"?>
<testng-results ignored="0" total="1" passed="1" failed="0" skipped="0">
  <reporter-output>
  </reporter-output>
  <suite started-at="2025-04-17T00:37:44 IST" name="Default suite" finished-at="2025-04-17T00:37:59 IST" duration-ms="14275">
    <groups>
    </groups>
    <test started-at="2025-04-17T00:37:44 IST" name="Default test" finished-at="2025-04-17T00:37:59 IST" duration-ms="14275">
      <class name="com.qa.drs.tests.ProductDetailsPageTest">
        <test-method is-config="true" signature="setup()[pri:0, instance:com.qa.drs.tests.ProductDetailsPageTest@1e44b638]" started-at="2025-04-17T00:37:44 IST" name="setup" finished-at="2025-04-17T00:37:54 IST" duration-ms="9329" status="PASS">
          <reporter-output>
          </reporter-output>
        </test-method> <!-- setup -->
        <test-method signature="allProductHeading()[pri:0, instance:com.qa.drs.tests.ProductDetailsPageTest@1e44b638]" started-at="2025-04-17T00:37:54 IST" name="allProductHeading" finished-at="2025-04-17T00:37:59 IST" duration-ms="4768" status="PASS">
          <reporter-output>
          </reporter-output>
        </test-method> <!-- allProductHeading -->
        <test-method is-config="true" signature="tearDown()[pri:0, instance:com.qa.drs.tests.ProductDetailsPageTest@1e44b638]" started-at="2025-04-17T00:37:59 IST" name="tearDown" finished-at="2025-04-17T00:37:59 IST" duration-ms="0" status="PASS">
          <reporter-output>
          </reporter-output>
        </test-method> <!-- tearDown -->
      </class> <!-- com.qa.drs.tests.ProductDetailsPageTest -->
    </test> <!-- Default test -->
  </suite> <!-- Default suite -->
</testng-results>
