<?xml version="1.0" encoding="UTF-8"?>
<testng-results ignored="0" total="1" passed="1" failed="0" skipped="0">
  <reporter-output>
  </reporter-output>
  <suite started-at="2025-04-22T17:17:45 IST" name="Default suite" finished-at="2025-04-22T17:17:55 IST" duration-ms="9938">
    <groups>
    </groups>
    <test started-at="2025-04-22T17:17:45 IST" name="Default test" finished-at="2025-04-22T17:17:55 IST" duration-ms="9938">
      <class name="com.qa.drs.tests.SubscriptionPageTest">
        <test-method is-config="true" signature="setup()[pri:0, instance:com.qa.drs.tests.SubscriptionPageTest@3688eb5b]" started-at="2025-04-22T17:17:45 IST" name="setup" finished-at="2025-04-22T17:17:54 IST" duration-ms="9432" status="PASS">
          <reporter-output>
          </reporter-output>
        </test-method> <!-- setup -->
        <test-method signature="doClickTxtFiled()[pri:0, instance:com.qa.drs.tests.SubscriptionPageTest@3688eb5b]" started-at="2025-04-22T17:17:54 IST" name="doClickTxtFiled" finished-at="2025-04-22T17:17:55 IST" duration-ms="396" status="PASS">
          <reporter-output>
          </reporter-output>
        </test-method> <!-- doClickTxtFiled -->
        <test-method is-config="true" signature="tearDown()[pri:0, instance:com.qa.drs.tests.SubscriptionPageTest@3688eb5b]" started-at="2025-04-22T17:17:55 IST" name="tearDown" finished-at="2025-04-22T17:17:55 IST" duration-ms="1" status="PASS">
          <reporter-output>
          </reporter-output>
        </test-method> <!-- tearDown -->
      </class> <!-- com.qa.drs.tests.SubscriptionPageTest -->
    </test> <!-- Default test -->
  </suite> <!-- Default suite -->
</testng-results>
